<?xml version="1.0" encoding="UTF-8"?>
<testsuite xmlns:xsi="http://www.w3.org/2001/XMLSchema-instance" xsi:noNamespaceSchemaLocation="https://maven.apache.org/surefire/maven-surefire-plugin/xsd/surefire-test-report.xsd" version="3.0.2" name="com.internship.tool.ToolApplicationTests" time="17.132" tests="1" errors="0" skipped="0" failures="0" flakes="0">
  <properties>
[...]
</properties>
  <testcase name="contextLoads" classname="com.internship.tool.ToolApplicationTests" time="0.934">
    <system-out><![CDATA[12:07:46.055 [main] INFO org.springframework.test.context.support.AnnotationConfigContextLoaderUtils -- Could not detect default configuration classes for test class [com.internship.tool.ToolApplicationTests]: ToolApplicationTests does not declare any static, non-private, non-final, nested classes annotated with @Configuration.
12:07:46.373 [main] INFO org.springframework.boot.test.context.SpringBootTestContextBootstrapper -- Found @SpringBootConfiguration com.internship.tool.ToolApplication for test class com.internship.tool.ToolApplicationTests

  .   ____          _            __ _ _
 /\\ / ___'_ __ _ _(_)_ __  __ _ \ \ \ \
( ( )\___ | '_ | '_| | '_ \/ _` | \ \ \ \
 \\/  ___)| |_)| | | | | || (_| |  ) ) ) )
  '  |____| .__|_| |_|_| |_\__, | / / / /
 =========|_|==============|___/=/_/_/_/

 :: Spring Boot ::               (v3.5.13)

2026-05-02T12:07:47.939+05:30  INFO 7672 --- [           main] c.internship.tool.ToolApplicationTests   : Starting ToolApplicationTests using Java 17.0.18 with PID 7672 (started by Admin in C:\Users\Admin\sustainability-compliance-monitor\backend)
2026-05-02T12:07:47.939+05:30  INFO 7672 --- [           main] c.internship.tool.ToolApplicationTests   : No active profile set, falling back to 1 default profile: "default"
2026-05-02T12:07:50.473+05:30  INFO 7672 --- [           main] .s.d.r.c.RepositoryConfigurationDelegate : Bootstrapping Spring Data JPA repositories in DEFAULT mode.
2026-05-02T12:07:50.650+05:30  INFO 7672 --- [           main] .s.d.r.c.RepositoryConfigurationDelegate : Finished Spring Data repository scanning in 146 ms. Found 1 JPA repository interface.
2026-05-02T12:07:52.202+05:30  INFO 7672 --- [           main] o.hibernate.jpa.internal.util.LogHelper  : HHH000204: Processing PersistenceUnitInfo [name: default]
2026-05-02T12:07:52.465+05:30  INFO 7672 --- [           main] org.hibernate.Version                    : HHH000412: Hibernate ORM core version 6.6.45.Final
2026-05-02T12:07:52.603+05:30  INFO 7672 --- [           main] o.h.c.internal.RegionFactoryInitiator    : HHH000026: Second-level cache disabled
2026-05-02T12:07:53.688+05:30  INFO 7672 --- [           main] o.s.o.j.p.SpringPersistenceUnitInfo      : No LoadTimeWeaver setup: ignoring JPA class transformer
2026-05-02T12:07:53.797+05:30  INFO 7672 --- [           main] com.zaxxer.hikari.HikariDataSource       : HikariPool-1 - Starting...
2026-05-02T12:07:55.731+05:30  INFO 7672 --- [           main] com.zaxxer.hikari.pool.HikariPool        : HikariPool-1 - Added connection org.postgresql.jdbc.PgConnection@682266d8
2026-05-02T12:07:55.731+05:30  INFO 7672 --- [           main] com.zaxxer.hikari.HikariDataSource       : HikariPool-1 - Start completed.
2026-05-02T12:07:55.911+05:30  WARN 7672 --- [           main] org.hibernate.orm.deprecation            : HHH90000025: PostgreSQLDialect does not need to be specified explicitly using 'hibernate.dialect' (remove the property setting and it will be selected by default)
2026-05-02T12:07:55.983+05:30  INFO 7672 --- [           main] org.hibernate.orm.connections.pooling    : HHH10001005: Database info:
	Database JDBC URL [Connecting through datasource 'HikariDataSource (HikariPool-1)']
	Database driver: undefined/unknown
	Database version: 16.13
	Autocommit mode: undefined/unknown
	Isolation level: undefined/unknown
	Minimum pool size: undefined/unknown
	Maximum pool size: undefined/unknown
2026-05-02T12:07:58.272+05:30  INFO 7672 --- [           main] o.h.e.t.j.p.i.JtaPlatformInitiator       : HHH000489: No JTA platform available (set 'hibernate.transaction.jta.platform' to enable JTA platform integration)
2026-05-02T12:07:58.694+05:30  INFO 7672 --- [           main] j.LocalContainerEntityManagerFactoryBean : Initialized JPA EntityManagerFactory for persistence unit 'default'
2026-05-02T12:07:59.378+05:30  WARN 7672 --- [           main] JpaBaseConfiguration$JpaWebConfiguration : spring.jpa.open-in-view is enabled by default. Therefore, database queries may be performed during view rendering. Explicitly configure spring.jpa.open-in-view to disable this warning
2026-05-02T12:07:59.510+05:30  WARN 7672 --- [           main] .s.s.UserDetailsServiceAutoConfiguration : 

Using generated security password: 28eca9de-6c29-472a-abad-eaa045d68a06

This generated password is for development use only. Your security configuration must be updated before running your application in production.

2026-05-02T12:07:59.542+05:30  INFO 7672 --- [           main] r$InitializeUserDetailsManagerConfigurer : Global AuthenticationManager configured with UserDetailsService bean with name inMemoryUserDetailsManager
2026-05-02T12:08:01.693+05:30  INFO 7672 --- [           main] c.internship.tool.ToolApplicationTests   : Started ToolApplicationTests in 14.687 seconds (process running for 17.639)
]]></system-out>
  </testcase>
</testsuite>